<?xml version="1.0" encoding="UTF-8"?>
<testsuite xmlns:xsi="http://www.w3.org/2001/XMLSchema-instance" xsi:noNamespaceSchemaLocation="https://maven.apache.org/surefire/maven-surefire-plugin/xsd/surefire-test-report.xsd" name="suites.TestSuite" time="32.926" tests="4" errors="2" skipped="0" failures="0">
  <properties>
[...]
</properties>
  <testcase name="testAssertThatElementIsPresent" classname="Tests.ArticleTests" time="3.483"/>
  <testcase name="testCompareArticleTitle" classname="Tests.ArticleTests" time="7.218">
    <error message="Expected condition failed: Cannot locate element to send keys to&#10; (tried for 5 second(s) with 500 milliseconds interval)" type="org.openqa.selenium.TimeoutException">org.openqa.selenium.TimeoutException: 
Expected condition failed: Cannot locate element to send keys to
 (tried for 5 second(s) with 500 milliseconds interval)
	at Tests.ArticleTests.testCompareArticleTitle_aroundBody4(ArticleTests.java:121)
	at Tests.ArticleTests.testCompareArticleTitle(ArticleTests.java:117)
Caused by: org.openqa.selenium.NoSuchElementException: 
Cannot locate an element using By.cssSelector: form>input[type='search']
For documentation on this error, please visit: http://seleniumhq.org/exceptions/no_such_element.html
Build info: version: '3.12.0', revision: '7c6e0b3', time: '2018-05-08T14:04:26.12Z'
System info: host: 'iag-b550', ip: '127.0.1.1', os.name: 'Linux', os.arch: 'amd64', os.version: '5.14.0-0.bpo.2-amd64', java.version: '11.0.13'
Driver info: driver.version: unknown
	at Tests.ArticleTests.testCompareArticleTitle_aroundBody4(ArticleTests.java:121)
	at Tests.ArticleTests.testCompareArticleTitle(ArticleTests.java:117)
</error>
    <system-err><![CDATA[Starting ChromeDriver 96.0.4664.45 (76e4c1bb2ab4671b8beba3444e61c0f17584b2fc-refs/branch-heads/4664@{#947}) on port 29762
Only local connections are allowed.
Please see https://chromedriver.chromium.org/security-considerations for suggestions on keeping ChromeDriver safe.
ChromeDriver was started successfully.
[1641550217,990][WARNING]: This version of ChromeDriver has not been tested with Chrome version 97.
янв. 07, 2022 2:10:18 PM org.openqa.selenium.remote.ProtocolHandshake createSession
INFO: Detected dialect: W3C
]]></system-err>
  </testcase>
  <testcase name="testSavingTwoArticles" classname="Tests.ArticleTests" time="15.019"/>
  <testcase name="testCheckIfSearchResultsPresent" classname="Tests.SearchTests" time="7.112">
    <error message="Expected condition failed: Cannot locate element to send keys to&#10; (tried for 5 second(s) with 500 milliseconds interval)" type="org.openqa.selenium.TimeoutException">org.openqa.selenium.TimeoutException: 
Expected condition failed: Cannot locate element to send keys to
 (tried for 5 second(s) with 500 milliseconds interval)
	at Tests.SearchTests.testCheckIfSearchResultsPresent_aroundBody0(SearchTests.java:24)
	at Tests.SearchTests.testCheckIfSearchResultsPresent(SearchTests.java:22)
Caused by: org.openqa.selenium.NoSuchElementException: 
Cannot locate an element using By.cssSelector: form>input[type='search']
For documentation on this error, please visit: http://seleniumhq.org/exceptions/no_such_element.html
Build info: version: '3.12.0', revision: '7c6e0b3', time: '2018-05-08T14:04:26.12Z'
System info: host: 'iag-b550', ip: '127.0.1.1', os.name: 'Linux', os.arch: 'amd64', os.version: '5.14.0-0.bpo.2-amd64', java.version: '11.0.13'
Driver info: driver.version: unknown
	at Tests.SearchTests.testCheckIfSearchResultsPresent_aroundBody0(SearchTests.java:24)
	at Tests.SearchTests.testCheckIfSearchResultsPresent(SearchTests.java:22)
</error>
    <system-err><![CDATA[Starting ChromeDriver 96.0.4664.45 (76e4c1bb2ab4671b8beba3444e61c0f17584b2fc-refs/branch-heads/4664@{#947}) on port 10314
Only local connections are allowed.
Please see https://chromedriver.chromium.org/security-considerations for suggestions on keeping ChromeDriver safe.
ChromeDriver was started successfully.
[1641550240,212][WARNING]: This version of ChromeDriver has not been tested with Chrome version 97.
янв. 07, 2022 2:10:40 PM org.openqa.selenium.remote.ProtocolHandshake createSession
INFO: Detected dialect: W3C
]]></system-err>
  </testcase>
</testsuite>